-outxml
-source
1.6
-target
1.6
-classpath
C:\Documents and Settings\daniel.finan\.m2\repository\antlr\antlr\2.7.6\antlr-2.7.6.jar;C:\Documents and Settings\daniel.finan\.m2\repository\aopalliance\aopalliance\1.0\aopalliance-1.0.jar;C:\Documents and Settings\daniel.finan\.m2\repository\cglib\cglib-nodep\2.2\cglib-nodep-2.2.jar;C:\Documents and Settings\daniel.finan\.m2\repository\commons-beanutils\commons-beanutils\1.8.0\commons-beanutils-1.8.0.jar;C:\Documents and Settings\daniel.finan\.m2\repository\commons-collections\commons-collections\3.1\commons-collections-3.1.jar;C:\Documents and Settings\daniel.finan\.m2\repository\commons-dbcp\commons-dbcp\1.3\commons-dbcp-1.3.jar;C:\Documents and Settings\daniel.finan\.m2\repository\commons-digester\commons-digester\2.0\commons-digester-2.0.jar;C:\Documents and Settings\daniel.finan\.m2\repository\commons-fileupload\commons-fileupload\1.2.1\commons-fileupload-1.2.1.jar;C:\Documents and Settings\daniel.finan\.m2\repository\commons-pool\commons-pool\1.5.4\commons-pool-1.5.4.jar;C:\Documents and Settings\daniel.finan\.m2\repository\dom4j\dom4j\1.6.1\dom4j-1.6.1.jar;C:\Documents and Settings\daniel.finan\.m2\repository\javassist\javassist\3.12.0.GA\javassist-3.12.0.GA.jar;C:\Documents and Settings\daniel.finan\.m2\repository\javax\activation\activation\1.1\activation-1.1.jar;C:\Documents and Settings\daniel.finan\.m2\repository\javax\el\el-api\1.0\el-api-1.0.jar;C:\Documents and Settings\daniel.finan\.m2\repository\javax\mail\mail\1.4.1\mail-1.4.1.jar;C:\Documents and Settings\daniel.finan\.m2\repository\javax\servlet\jstl\1.2\jstl-1.2.jar;C:\Documents and Settings\daniel.finan\.m2\repository\javax\servlet\servlet-api\2.5\servlet-api-2.5.jar;C:\Documents and Settings\daniel.finan\.m2\repository\javax\servlet\jsp\jsp-api\2.1\jsp-api-2.1.jar;C:\Documents and Settings\daniel.finan\.m2\repository\javax\transaction\jta\1.1\jta-1.1.jar;C:\Documents and Settings\daniel.finan\.m2\repository\javax\validation\validation-api\1.0.0.GA\validation-api-1.0.0.GA.jar;C:\Documents and Settings\daniel.finan\.m2\repository\joda-time\joda-time\1.6\joda-time-1.6.jar;C:\Documents and Settings\daniel.finan\.m2\repository\log4j\log4j\1.2.16\log4j-1.2.16.jar;C:\Documents and Settings\daniel.finan\.m2\repository\mysql\mysql-connector-java\5.1.13\mysql-connector-java-5.1.13.jar;C:\Documents and Settings\daniel.finan\.m2\repository\net\sf\flexjson\flexjson\2.1\flexjson-2.1.jar;C:\Documents and Settings\daniel.finan\.m2\repository\org\apache\commons\commons-io\1.3.2\commons-io-1.3.2.jar;C:\Documents and Settings\daniel.finan\.m2\repository\org\apache\tiles\tiles-api\2.2.1\tiles-api-2.2.1.jar;C:\Documents and Settings\daniel.finan\.m2\repository\org\apache\tiles\tiles-core\2.2.1\tiles-core-2.2.1.jar;C:\Documents and Settings\daniel.finan\.m2\repository\org\apache\tiles\tiles-jsp\2.2.1\tiles-jsp-2.2.1.jar;C:\Documents and Settings\daniel.finan\.m2\repository\org\apache\tiles\tiles-servlet\2.2.1\tiles-servlet-2.2.1.jar;C:\Documents and Settings\daniel.finan\.m2\repository\org\apache\tiles\tiles-template\2.2.1\tiles-template-2.2.1.jar;C:\Documents and Settings\daniel.finan\.m2\repository\org\aspectj\aspectjrt\1.6.11.M2\aspectjrt-1.6.11.M2.jar;C:\Documents and Settings\daniel.finan\.m2\repository\org\aspectj\aspectjweaver\1.6.11.M2\aspectjweaver-1.6.11.M2.jar;C:\Documents and Settings\daniel.finan\.m2\repository\org\cloudfoundry\cloudfoundry-runtime\0.6.0\cloudfoundry-runtime-0.6.0.jar;C:\Documents and Settings\daniel.finan\.m2\repository\org\hibernate\hibernate-commons-annotations\3.2.0.Final\hibernate-commons-annotations-3.2.0.Final.jar;C:\Documents and Settings\daniel.finan\.m2\repository\org\hibernate\hibernate-core\3.6.1.Final\hibernate-core-3.6.1.Final.jar;C:\Documents and Settings\daniel.finan\.m2\repository\org\hibernate\hibernate-entitymanager\3.6.1.Final\hibernate-entitymanager-3.6.1.Final.jar;C:\Documents and Settings\daniel.finan\.m2\repository\org\hibernate\hibernate-validator\4.1.0.Final\hibernate-validator-4.1.0.Final.jar;C:\Documents and Settings\daniel.finan\.m2\repository\org\hibernate\javax\persistence\hibernate-jpa-2.0-api\1.0.0.Final\hibernate-jpa-2.0-api-1.0.0.Final.jar;C:\Documents and Settings\daniel.finan\.m2\repository\org\slf4j\jcl-over-slf4j\1.6.1\jcl-over-slf4j-1.6.1.jar;C:\Documents and Settings\daniel.finan\.m2\repository\org\slf4j\slf4j-api\1.6.1\slf4j-api-1.6.1.jar;C:\Documents and Settings\daniel.finan\.m2\repository\org\slf4j\slf4j-log4j12\1.6.1\slf4j-log4j12-1.6.1.jar;C:\Documents and Settings\daniel.finan\.m2\repository\org\springframework\spring-aop\3.0.5.RELEASE\spring-aop-3.0.5.RELEASE.jar;C:\Documents and Settings\daniel.finan\.m2\repository\org\springframework\spring-asm\3.0.5.RELEASE\spring-asm-3.0.5.RELEASE.jar;C:\Documents and Settings\daniel.finan\.m2\repository\org\springframework\spring-aspects\3.0.5.RELEASE\spring-aspects-3.0.5.RELEASE.jar;C:\Documents and Settings\daniel.finan\.m2\repository\org\springframework\spring-beans\3.0.5.RELEASE\spring-beans-3.0.5.RELEASE.jar;C:\Documents and Settings\daniel.finan\.m2\repository\org\springframework\spring-context\3.0.5.RELEASE\spring-context-3.0.5.RELEASE.jar;C:\Documents and Settings\daniel.finan\.m2\repository\org\springframework\spring-context-support\3.0.5.RELEASE\spring-context-support-3.0.5.RELEASE.jar;C:\Documents and Settings\daniel.finan\.m2\repository\org\springframework\spring-core\3.0.5.RELEASE\spring-core-3.0.5.RELEASE.jar;C:\Documents and Settings\daniel.finan\.m2\repository\org\springframework\spring-expression\3.0.5.RELEASE\spring-expression-3.0.5.RELEASE.jar;C:\Documents and Settings\daniel.finan\.m2\repository\org\springframework\spring-jdbc\3.0.5.RELEASE\spring-jdbc-3.0.5.RELEASE.jar;C:\Documents and Settings\daniel.finan\.m2\repository\org\springframework\spring-orm\3.0.5.RELEASE\spring-orm-3.0.5.RELEASE.jar;C:\Documents and Settings\daniel.finan\.m2\repository\org\springframework\spring-tx\3.0.5.RELEASE\spring-tx-3.0.5.RELEASE.jar;C:\Documents and Settings\daniel.finan\.m2\repository\org\springframework\spring-web\3.0.6.RELEASE\spring-web-3.0.6.RELEASE.jar;C:\Documents and Settings\daniel.finan\.m2\repository\org\springframework\spring-webmvc\3.0.5.RELEASE\spring-webmvc-3.0.5.RELEASE.jar;C:\Documents and Settings\daniel.finan\.m2\repository\org\springframework\roo\org.springframework.roo.annotations\1.1.2.RELEASE\org.springframework.roo.annotations-1.1.2.RELEASE.jar;C:\Documents and Settings\daniel.finan\.m2\repository\org\springframework\security\spring-security-acl\3.0.5.RELEASE\spring-security-acl-3.0.5.RELEASE.jar;C:\Documents and Settings\daniel.finan\.m2\repository\org\springframework\security\spring-security-config\3.0.5.RELEASE\spring-security-config-3.0.5.RELEASE.jar;C:\Documents and Settings\daniel.finan\.m2\repository\org\springframework\security\spring-security-core\3.0.5.RELEASE\spring-security-core-3.0.5.RELEASE.jar;C:\Documents and Settings\daniel.finan\.m2\repository\org\springframework\security\spring-security-taglibs\3.0.5.RELEASE\spring-security-taglibs-3.0.5.RELEASE.jar;C:\Documents and Settings\daniel.finan\.m2\repository\org\springframework\security\spring-security-web\3.0.5.RELEASE\spring-security-web-3.0.5.RELEASE.jar;C:\Documents and Settings\daniel.finan\.m2\repository\org\springframework\webflow\spring-js-resources\2.2.0.RELEASE\spring-js-resources-2.2.0.RELEASE.jar;D:\Accoord Development\Alpha\accoord\target\classes
-aspectpath
C:\Documents and Settings\daniel.finan\.m2\repository\org\springframework\spring-aspects\3.0.5.RELEASE\spring-aspects-3.0.5.RELEASE.jar
-d
D:\Accoord Development\Alpha\accoord\target\classes
D:\Accoord Development\Alpha\accoord\src\main\java\com\accoord\web\SecurityIncidentController_Roo_Controller.aj
D:\Accoord Development\Alpha\accoord\src\main\java\com\accoord\domain\Training_Roo_Entity.aj
D:\Accoord Development\Alpha\accoord\src\main\java\com\accoord\domain\RoleEntity.java
D:\Accoord Development\Alpha\accoord\src\main\java\com\accoord\web\ResetPassword.java
D:\Accoord Development\Alpha\accoord\src\main\java\com\accoord\domain\UserEntity_Roo_ToString.aj
D:\Accoord Development\Alpha\accoord\src\main\java\com\accoord\shared\Sector.java
D:\Accoord Development\Alpha\accoord\src\main\java\com\accoord\domain\UserEntity_Roo_Entity.aj
D:\Accoord Development\Alpha\accoord\src\main\java\com\accoord\domain\UserRole.java
D:\Accoord Development\Alpha\accoord\src\main\java\com\accoord\web\RapidAssessmentController.java
D:\Accoord Development\Alpha\accoord\src\main\java\com\accoord\web\EventController_Roo_Controller.aj
D:\Accoord Development\Alpha\accoord\src\main\java\com\accoord\web\WarehouseController_Roo_Controller.aj
D:\Accoord Development\Alpha\accoord\src\main\java\com\accoord\domain\ConstructionProject.java
D:\Accoord Development\Alpha\accoord\src\main\java\com\accoord\domain\ConstructionProject_Roo_Configurable.aj
D:\Accoord Development\Alpha\accoord\src\main\java\com\accoord\web\ForgotPasswordAction.java
D:\Accoord Development\Alpha\accoord\src\main\java\com\accoord\web\ShelterProjectController.java
D:\Accoord Development\Alpha\accoord\src\main\java\com\accoord\domain\Distribution_Roo_Configurable.aj
D:\Accoord Development\Alpha\accoord\src\main\java\com\accoord\domain\StockItem_Roo_Entity.aj
D:\Accoord Development\Alpha\accoord\src\main\java\com\accoord\domain\StockItem.java
D:\Accoord Development\Alpha\accoord\src\main\java\com\accoord\domain\Comment_Roo_Entity.aj
D:\Accoord Development\Alpha\accoord\src\main\java\com\accoord\web\ShelterProjectController_Roo_Controller.aj
D:\Accoord Development\Alpha\accoord\src\main\java\com\accoord\domain\UserRole_Roo_ToString.aj
D:\Accoord Development\Alpha\accoord\src\main\java\com\accoord\web\TrainingController_Roo_Controller.aj
D:\Accoord Development\Alpha\accoord\src\main\java\com\accoord\web\StockItemController.java
D:\Accoord Development\Alpha\accoord\src\main\java\com\accoord\domain\Comment_Roo_ToString.aj
D:\Accoord Development\Alpha\accoord\src\main\java\com\accoord\web\AjaxController.java
D:\Accoord Development\Alpha\accoord\src\main\java\com\accoord\shared\SecurityIncidentType.java
D:\Accoord Development\Alpha\accoord\src\main\java\com\accoord\domain\Message_Roo_Entity.aj
D:\Accoord Development\Alpha\accoord\src\main\java\com\accoord\domain\UserProfile_Roo_Configurable.aj
D:\Accoord Development\Alpha\accoord\src\main\java\com\accoord\domain\Office_Roo_Entity.aj
D:\Accoord Development\Alpha\accoord\src\main\java\com\accoord\domain\RoleEntity_Roo_ToString.aj
D:\Accoord Development\Alpha\accoord\src\main\java\com\accoord\domain\ShelterUpdate_Roo_Configurable.aj
D:\Accoord Development\Alpha\accoord\src\main\java\com\accoord\domain\Organization_Roo_JavaBean.aj
D:\Accoord Development\Alpha\accoord\src\main\java\com\accoord\domain\AssessmentArea_Roo_Entity.aj
D:\Accoord Development\Alpha\accoord\src\main\java\com\accoord\domain\ShelterProject_Roo_JavaBean.aj
D:\Accoord Development\Alpha\accoord\src\main\java\com\accoord\domain\Office_Roo_ToString.aj
D:\Accoord Development\Alpha\accoord\src\main\java\com\accoord\domain\Event_Roo_ToString.aj
D:\Accoord Development\Alpha\accoord\src\main\java\com\accoord\web\ApplicationConversionServiceFactoryBean.java
D:\Accoord Development\Alpha\accoord\src\main\java\com\accoord\domain\Distribution_Roo_Entity.aj
D:\Accoord Development\Alpha\accoord\src\main\java\com\accoord\domain\OrgProfile_Roo_ToString.aj
D:\Accoord Development\Alpha\accoord\src\main\java\com\accoord\web\UserProfileController_Roo_Controller.aj
D:\Accoord Development\Alpha\accoord\src\main\java\com\accoord\domain\Equipment_Roo_JavaBean.aj
D:\Accoord Development\Alpha\accoord\src\main\java\com\accoord\domain\Message_Roo_ToString.aj
D:\Accoord Development\Alpha\accoord\src\main\java\com\accoord\web\DistributionController_Roo_Controller.aj
D:\Accoord Development\Alpha\accoord\src\main\java\com\accoord\domain\ConstructionUpdate_Roo_Entity.aj
D:\Accoord Development\Alpha\accoord\src\main\java\com\accoord\domain\Comment_Roo_Configurable.aj
D:\Accoord Development\Alpha\accoord\src\main\java\com\accoord\domain\Warehouse.java
D:\Accoord Development\Alpha\accoord\src\main\java\com\accoord\web\ServiceAreaController.java
D:\Accoord Development\Alpha\accoord\src\main\java\com\accoord\web\AddNewUserAction.java
D:\Accoord Development\Alpha\accoord\src\main\java\com\accoord\domain\OrgProfile.java
D:\Accoord Development\Alpha\accoord\src\main\java\com\accoord\web\ConfirmEmail.java
D:\Accoord Development\Alpha\accoord\src\main\java\com\accoord\web\ServiceAreaController_Roo_Controller.aj
D:\Accoord Development\Alpha\accoord\src\main\java\com\accoord\domain\UserRole_Roo_Configurable.aj
D:\Accoord Development\Alpha\accoord\src\main\java\com\accoord\domain\Event_Roo_Configurable.aj
D:\Accoord Development\Alpha\accoord\src\main\java\com\accoord\domain\SecurityIncident.java
D:\Accoord Development\Alpha\accoord\src\main\java\com\accoord\web\login\AccoordUserDetails.java
D:\Accoord Development\Alpha\accoord\src\main\java\com\accoord\domain\SecurityIncident_Roo_Entity.aj
D:\Accoord Development\Alpha\accoord\src\main\java\com\accoord\shared\ShelterType.java
D:\Accoord Development\Alpha\accoord\src\main\java\com\accoord\domain\Training_Roo_Configurable.aj
D:\Accoord Development\Alpha\accoord\src\main\java\com\accoord\web\EquipmentController_Roo_Controller.aj
D:\Accoord Development\Alpha\accoord\src\main\java\com\accoord\web\MessageController_Roo_Controller.aj
D:\Accoord Development\Alpha\accoord\src\main\java\com\accoord\domain\ServiceArea_Roo_JavaBean.aj
D:\Accoord Development\Alpha\accoord\src\main\java\com\accoord\web\TrainingController.java
D:\Accoord Development\Alpha\accoord\src\main\java\com\accoord\domain\UserEntity_Roo_JavaBean.aj
D:\Accoord Development\Alpha\accoord\src\main\java\com\accoord\domain\Event.java
D:\Accoord Development\Alpha\accoord\src\main\java\com\accoord\domain\ConstructionProject_Roo_Entity.aj
D:\Accoord Development\Alpha\accoord\src\main\java\com\accoord\domain\Office_Roo_JavaBean.aj
D:\Accoord Development\Alpha\accoord\src\main\java\com\accoord\domain\Comment.java
D:\Accoord Development\Alpha\accoord\src\main\java\com\accoord\web\RapidAssessmentController_Roo_Controller.aj
D:\Accoord Development\Alpha\accoord\src\main\java\com\accoord\domain\Warehouse_Roo_JavaBean.aj
D:\Accoord Development\Alpha\accoord\src\main\java\com\accoord\web\MessageController.java
D:\Accoord Development\Alpha\accoord\src\main\java\com\accoord\domain\ServiceArea.java
D:\Accoord Development\Alpha\accoord\src\main\java\com\accoord\domain\Office.java
D:\Accoord Development\Alpha\accoord\src\main\java\com\accoord\web\OfficeController.java
D:\Accoord Development\Alpha\accoord\src\main\java\com\accoord\domain\ServiceArea_Roo_ToString.aj
D:\Accoord Development\Alpha\accoord\src\main\java\com\accoord\domain\UserEntity.java
D:\Accoord Development\Alpha\accoord\src\main\java\com\accoord\web\WarehouseController.java
D:\Accoord Development\Alpha\accoord\src\main\java\com\accoord\util\AccoordUtil.java
D:\Accoord Development\Alpha\accoord\src\main\java\com\accoord\web\AssessmentAreaController_Roo_Controller.aj
D:\Accoord Development\Alpha\accoord\src\main\java\com\accoord\domain\Training_Roo_ToString.aj
D:\Accoord Development\Alpha\accoord\src\main\java\com\accoord\domain\AssessmentArea_Roo_JavaBean.aj
D:\Accoord Development\Alpha\accoord\src\main\java\com\accoord\domain\RapidAssessment.java
D:\Accoord Development\Alpha\accoord\src\main\java\com\accoord\domain\Equipment_Roo_ToString.aj
D:\Accoord Development\Alpha\accoord\src\main\java\com\accoord\domain\AssessmentArea.java
D:\Accoord Development\Alpha\accoord\src\main\java\com\accoord\domain\Warehouse_Roo_Configurable.aj
D:\Accoord Development\Alpha\accoord\src\main\java\com\accoord\domain\ShelterProject.java
D:\Accoord Development\Alpha\accoord\src\main\java\com\accoord\web\RegisterAction.java
D:\Accoord Development\Alpha\accoord\src\main\java\com\accoord\web\FileUploadController.java
D:\Accoord Development\Alpha\accoord\src\main\java\com\accoord\shared\ConstructionType.java
D:\Accoord Development\Alpha\accoord\src\main\java\com\accoord\domain\Organization_Roo_Configurable.aj
D:\Accoord Development\Alpha\accoord\src\main\java\com\accoord\shared\EventType.java
D:\Accoord Development\Alpha\accoord\src\main\java\com\accoord\domain\ShelterUpdate_Roo_JavaBean.aj
D:\Accoord Development\Alpha\accoord\src\main\java\com\accoord\web\ConstructionProjectController.java
D:\Accoord Development\Alpha\accoord\src\main\java\com\accoord\domain\ConstructionUpdate_Roo_JavaBean.aj
D:\Accoord Development\Alpha\accoord\src\main\java\com\accoord\domain\RoleEntity_Roo_Configurable.aj
D:\Accoord Development\Alpha\accoord\src\main\java\com\accoord\domain\SecurityIncident_Roo_ToString.aj
D:\Accoord Development\Alpha\accoord\src\main\java\com\accoord\domain\RoleEntity_Roo_Entity.aj
D:\Accoord Development\Alpha\accoord\src\main\java\com\accoord\domain\ShelterProject_Roo_ToString.aj
D:\Accoord Development\Alpha\accoord\src\main\java\com\accoord\web\login\AccoordUserDetailsService.java
D:\Accoord Development\Alpha\accoord\src\main\java\com\accoord\domain\RapidAssessment_Roo_Entity.aj
D:\Accoord Development\Alpha\accoord\src\main\java\com\accoord\web\CommentController.java
D:\Accoord Development\Alpha\accoord\src\main\java\com\accoord\domain\UserRole_Roo_Entity.aj
D:\Accoord Development\Alpha\accoord\src\main\java\com\accoord\domain\SecurityIncident_Roo_JavaBean.aj
D:\Accoord Development\Alpha\accoord\src\main\java\com\accoord\web\ShelterUpdateController.java
D:\Accoord Development\Alpha\accoord\src\main\java\com\accoord\shared\OfficeType.java
D:\Accoord Development\Alpha\accoord\src\main\java\com\accoord\domain\Warehouse_Roo_ToString.aj
D:\Accoord Development\Alpha\accoord\src\main\java\com\accoord\web\ApplicationConversionServiceFactoryBean_Roo_ConversionService.aj
D:\Accoord Development\Alpha\accoord\src\main\java\com\accoord\domain\Comment_Roo_JavaBean.aj
D:\Accoord Development\Alpha\accoord\src\main\java\com\accoord\domain\SecurityIncident_Roo_Configurable.aj
D:\Accoord Development\Alpha\accoord\src\main\java\com\accoord\domain\AssessmentArea_Roo_Configurable.aj
D:\Accoord Development\Alpha\accoord\src\main\java\com\accoord\domain\StockItem_Roo_Configurable.aj
D:\Accoord Development\Alpha\accoord\src\main\java\com\accoord\web\CommentController_Roo_Controller.aj
D:\Accoord Development\Alpha\accoord\src\main\java\com\accoord\domain\ConstructionUpdate.java
D:\Accoord Development\Alpha\accoord\src\main\java\com\accoord\domain\OrgProfile_Roo_JavaBean.aj
D:\Accoord Development\Alpha\accoord\src\main\java\com\accoord\domain\RapidAssessment_Roo_ToString.aj
D:\Accoord Development\Alpha\accoord\src\main\java\com\accoord\domain\StockItem_Roo_ToString.aj
D:\Accoord Development\Alpha\accoord\src\main\java\com\accoord\web\AssessmentAreaController.java
D:\Accoord Development\Alpha\accoord\src\main\java\com\accoord\domain\Event_Roo_JavaBean.aj
D:\Accoord Development\Alpha\accoord\src\main\java\com\accoord\domain\Training_Roo_JavaBean.aj
D:\Accoord Development\Alpha\accoord\src\main\java\com\accoord\domain\Equipment.java
D:\Accoord Development\Alpha\accoord\src\main\java\com\accoord\web\OrgProfileController.java
D:\Accoord Development\Alpha\accoord\src\main\java\com\accoord\web\UserProfileController.java
D:\Accoord Development\Alpha\accoord\src\main\java\com\accoord\domain\Organization.java
D:\Accoord Development\Alpha\accoord\src\main\java\com\accoord\domain\UserProfile_Roo_Entity.aj
D:\Accoord Development\Alpha\accoord\src\main\java\com\accoord\domain\OrgProfile_Roo_Entity.aj
D:\Accoord Development\Alpha\accoord\src\main\java\com\accoord\domain\Message_Roo_JavaBean.aj
D:\Accoord Development\Alpha\accoord\src\main\java\com\accoord\domain\Distribution_Roo_JavaBean.aj
D:\Accoord Development\Alpha\accoord\src\main\java\com\accoord\domain\ConstructionProject_Roo_ToString.aj
D:\Accoord Development\Alpha\accoord\src\main\java\com\accoord\web\I18N.java
D:\Accoord Development\Alpha\accoord\src\main\java\com\accoord\domain\Distribution_Roo_ToString.aj
D:\Accoord Development\Alpha\accoord\src\main\java\com\accoord\domain\ConstructionUpdate_Roo_Configurable.aj
D:\Accoord Development\Alpha\accoord\src\main\java\com\accoord\shared\ShelterConditions.java
D:\Accoord Development\Alpha\accoord\src\main\java\com\accoord\domain\RapidAssessment_Roo_Configurable.aj
D:\Accoord Development\Alpha\accoord\src\main\java\com\accoord\domain\RoleEntity_Roo_JavaBean.aj
D:\Accoord Development\Alpha\accoord\src\main\java\com\accoord\domain\Message_Roo_Configurable.aj
D:\Accoord Development\Alpha\accoord\src\main\java\com\accoord\domain\UserProfile_Roo_ToString.aj
D:\Accoord Development\Alpha\accoord\src\main\java\com\accoord\web\SecurityIncidentController.java
D:\Accoord Development\Alpha\accoord\src\main\java\com\accoord\domain\Equipment_Roo_Configurable.aj
D:\Accoord Development\Alpha\accoord\src\main\java\com\accoord\domain\ShelterUpdate_Roo_ToString.aj
D:\Accoord Development\Alpha\accoord\src\main\java\com\accoord\domain\ConstructionUpdate_Roo_ToString.aj
D:\Accoord Development\Alpha\accoord\src\main\java\com\accoord\domain\ServiceArea_Roo_Entity.aj
D:\Accoord Development\Alpha\accoord\src\main\java\com\accoord\domain\ShelterProject_Roo_Entity.aj
D:\Accoord Development\Alpha\accoord\src\main\java\com\accoord\web\OfficeController_Roo_Controller.aj
D:\Accoord Development\Alpha\accoord\src\main\java\com\accoord\domain\Distribution.java
D:\Accoord Development\Alpha\accoord\src\main\java\com\accoord\domain\ShelterProject_Roo_Configurable.aj
D:\Accoord Development\Alpha\accoord\src\main\java\com\accoord\domain\AssessmentArea_Roo_ToString.aj
D:\Accoord Development\Alpha\accoord\src\main\java\com\accoord\domain\ShelterUpdate_Roo_Entity.aj
D:\Accoord Development\Alpha\accoord\src\main\java\com\accoord\domain\UserRole_Roo_JavaBean.aj
D:\Accoord Development\Alpha\accoord\src\main\java\com\accoord\domain\StockItem_Roo_JavaBean.aj
D:\Accoord Development\Alpha\accoord\src\main\java\com\accoord\domain\UserEntity_Roo_Configurable.aj
D:\Accoord Development\Alpha\accoord\src\main\java\com\accoord\web\CheckOrganization.java
D:\Accoord Development\Alpha\accoord\src\main\java\com\accoord\domain\UserProfile.java
D:\Accoord Development\Alpha\accoord\src\main\java\com\accoord\shared\DistributionType.java
D:\Accoord Development\Alpha\accoord\src\main\java\com\accoord\web\EventController.java
D:\Accoord Development\Alpha\accoord\src\main\java\com\accoord\web\DistributionController.java
D:\Accoord Development\Alpha\accoord\src\main\java\com\accoord\web\ConstructionUpdateController_Roo_Controller.aj
D:\Accoord Development\Alpha\accoord\src\main\java\com\accoord\web\AccoordDaoImpl.java
D:\Accoord Development\Alpha\accoord\src\main\java\com\accoord\domain\OrgProfile_Roo_Configurable.aj
D:\Accoord Development\Alpha\accoord\src\main\java\com\accoord\web\ImageController.java
D:\Accoord Development\Alpha\accoord\src\main\java\com\accoord\domain\Office_Roo_Configurable.aj
D:\Accoord Development\Alpha\accoord\src\main\java\com\accoord\domain\UserProfile_Roo_JavaBean.aj
D:\Accoord Development\Alpha\accoord\src\main\java\com\accoord\domain\Equipment_Roo_Entity.aj
D:\Accoord Development\Alpha\accoord\src\main\java\com\accoord\domain\RapidAssessment_Roo_JavaBean.aj
D:\Accoord Development\Alpha\accoord\src\main\java\com\accoord\shared\TrainingType.java
D:\Accoord Development\Alpha\accoord\src\main\java\com\accoord\web\FileUploadBean.java
D:\Accoord Development\Alpha\accoord\src\main\java\com\accoord\domain\Message.java
D:\Accoord Development\Alpha\accoord\src\main\java\com\accoord\domain\Organization_Roo_ToString.aj
D:\Accoord Development\Alpha\accoord\src\main\java\com\accoord\web\StockItemController_Roo_Controller.aj
D:\Accoord Development\Alpha\accoord\src\main\java\com\accoord\web\ResetPasswordAction.java
D:\Accoord Development\Alpha\accoord\src\main\java\com\accoord\web\MainController.java
D:\Accoord Development\Alpha\accoord\src\main\java\com\accoord\web\EquipmentController.java
D:\Accoord Development\Alpha\accoord\src\main\java\com\accoord\domain\ServiceArea_Roo_Configurable.aj
D:\Accoord Development\Alpha\accoord\src\main\java\com\accoord\web\ConstructionProjectController_Roo_Controller.aj
D:\Accoord Development\Alpha\accoord\src\main\java\com\accoord\web\ShelterUpdateController_Roo_Controller.aj
D:\Accoord Development\Alpha\accoord\src\main\java\com\accoord\web\ConstructionUpdateController.java
D:\Accoord Development\Alpha\accoord\src\main\java\com\accoord\web\AccoordDao.java
D:\Accoord Development\Alpha\accoord\src\main\java\com\accoord\domain\Training.java
D:\Accoord Development\Alpha\accoord\src\main\java\com\accoord\web\OrgProfileController_Roo_Controller.aj
D:\Accoord Development\Alpha\accoord\src\main\java\com\accoord\domain\ShelterUpdate.java
D:\Accoord Development\Alpha\accoord\src\main\java\com\accoord\domain\Warehouse_Roo_Entity.aj
D:\Accoord Development\Alpha\accoord\src\main\java\com\accoord\web\ChangePasswordAction.java
D:\Accoord Development\Alpha\accoord\src\main\java\com\accoord\domain\Organization_Roo_Entity.aj
D:\Accoord Development\Alpha\accoord\src\main\java\com\accoord\domain\ConstructionProject_Roo_JavaBean.aj
D:\Accoord Development\Alpha\accoord\src\main\java\com\accoord\domain\Event_Roo_Entity.aj
